var : -1
  : -1
integer : -1
  : -1
n : 10
  : -1
= : -1
  : -1
10 : 97
; : -1
var : -1
  : -1
integer : -1
  : -1
nr : 24
; : -1
var : -1
  : -1
list : -1
[ : -1
n : 10
] : -1
  : -1
x : 20
; : -1
var : -1
  : -1
integer : -1
  : -1
max : 26
  : -1
= : -1
  : -1
0 : 48
; : -1
for : -1
( : -1
var : -1
  : -1
integer : -1
  : -1
i : 5
, : -1
  : -1
n : 10
) : -1
[ : -1
  : -1
read : -1
( : -1
nr : 24
) : -1
; : -1
x : 20
[ : -1
i : 5
] : -1
  : -1
= : -1
  : -1
nr : 24
; : -1
  : -1
] : -1
for : -1
( : -1
var : -1
  : -1
integer : -1
  : -1
i : 5
, : -1
  : -1
n : 10
) : -1
{ : -1
  : -1
if : -1
( : -1
x : 20
[ : -1
i : 5
] : -1
  : -1
> : -1
  : -1
max : 26
) : -1
  : -1
then : -1
max : 26
  : -1
= : -1
  : -1
x : 20
[ : -1
i : 5
] : -1
; : -1
} : -1
write : -1
( : -1
max : 26
) : -1
; : -1

